<?xml version="1.0" encoding="UTF-8"?>
<testng-results total="1" passed="1" failed="0" skipped="0">
  <reporter-output>
  </reporter-output>
  <suite started-at="2022-01-10T16:33:15Z" name="Surefire suite" finished-at="2022-01-10T16:33:15Z" duration-ms="22">
    <groups>
    </groups>
    <test started-at="2022-01-10T16:33:15Z" name="Surefire test" finished-at="2022-01-10T16:33:15Z" duration-ms="22">
      <class name="com.Evaluacion.Test.NewTest">
        <test-method signature="f()[pri:0, instance:com.Evaluacion.Test.NewTest@6c64cb25]" started-at="2022-01-10T13:33:15Z" name="f" finished-at="2022-01-10T13:33:15Z" duration-ms="7" status="PASS">
          <reporter-output>
          </reporter-output>
        </test-method> <!-- f -->
      </class> <!-- com.Evaluacion.Test.NewTest -->
    </test> <!-- Surefire test -->
  </suite> <!-- Surefire suite -->
</testng-results>
