<?xml version="1.0" encoding="UTF-8"?>
<testng-results ignored="0" total="1" passed="1" failed="0" skipped="0">
  <reporter-output>
  </reporter-output>
  <suite started-at="2022-01-10T13:33:53 CLST" name="Default suite" finished-at="2022-01-10T13:33:53 CLST" duration-ms="37">
    <groups>
    </groups>
    <test started-at="2022-01-10T13:33:53 CLST" name="Default test" finished-at="2022-01-10T13:33:53 CLST" duration-ms="37">
      <class name="com.Evaluacion.Test.NewTest">
        <test-method signature="f()[pri:0, instance:com.Evaluacion.Test.NewTest@8458f04]" started-at="2022-01-10T13:33:53 CLST" name="f" finished-at="2022-01-10T13:33:53 CLST" duration-ms="5" status="PASS">
          <reporter-output>
          </reporter-output>
        </test-method> <!-- f -->
      </class> <!-- com.Evaluacion.Test.NewTest -->
    </test> <!-- Default test -->
  </suite> <!-- Default suite -->
</testng-results>
